::1 - - [16/Mar/2019:15:59:58 +0100] "GET / HTTP/1.1" 302 - "-" "Mozilla/5.0 (Windows NT 10.0; Win64; x64) AppleWebKit/537.36 (KHTML, like Gecko) Chrome/72.0.3626.121 Safari/537.36"
::1 - - [16/Mar/2019:15:59:58 +0100] "GET /dashboard/ HTTP/1.1" 200 7576 "-" "Mozilla/5.0 (Windows NT 10.0; Win64; x64) AppleWebKit/537.36 (KHTML, like Gecko) Chrome/72.0.3626.121 Safari/537.36"
::1 - - [16/Mar/2019:15:59:58 +0100] "GET /dashboard/stylesheets/normalize.css HTTP/1.1" 200 6876 "http://localhost:3307/dashboard/" "Mozilla/5.0 (Windows NT 10.0; Win64; x64) AppleWebKit/537.36 (KHTML, like Gecko) Chrome/72.0.3626.121 Safari/537.36"
::1 - - [16/Mar/2019:15:59:58 +0100] "GET /dashboard/stylesheets/all.css HTTP/1.1" 200 481698 "http://localhost:3307/dashboard/" "Mozilla/5.0 (Windows NT 10.0; Win64; x64) AppleWebKit/537.36 (KHTML, like Gecko) Chrome/72.0.3626.121 Safari/537.36"
::1 - - [16/Mar/2019:15:59:58 +0100] "GET /dashboard/javascripts/modernizr.js HTTP/1.1" 200 51365 "http://localhost:3307/dashboard/" "Mozilla/5.0 (Windows NT 10.0; Win64; x64) AppleWebKit/537.36 (KHTML, like Gecko) Chrome/72.0.3626.121 Safari/537.36"
::1 - - [16/Mar/2019:15:59:58 +0100] "GET /dashboard/images/xampp-logo.svg HTTP/1.1" 200 5427 "http://localhost:3307/dashboard/" "Mozilla/5.0 (Windows NT 10.0; Win64; x64) AppleWebKit/537.36 (KHTML, like Gecko) Chrome/72.0.3626.121 Safari/537.36"
::1 - - [16/Mar/2019:15:59:58 +0100] "GET /dashboard/images/bitnami-xampp.png HTTP/1.1" 200 22133 "http://localhost:3307/dashboard/" "Mozilla/5.0 (Windows NT 10.0; Win64; x64) AppleWebKit/537.36 (KHTML, like Gecko) Chrome/72.0.3626.121 Safari/537.36"
::1 - - [16/Mar/2019:15:59:59 +0100] "GET /dashboard/javascripts/all.js HTTP/1.1" 200 188385 "http://localhost:3307/dashboard/" "Mozilla/5.0 (Windows NT 10.0; Win64; x64) AppleWebKit/537.36 (KHTML, like Gecko) Chrome/72.0.3626.121 Safari/537.36"
::1 - - [16/Mar/2019:15:59:59 +0100] "GET /dashboard/images/fastly-logo.png HTTP/1.1" 200 1770 "http://localhost:3307/dashboard/" "Mozilla/5.0 (Windows NT 10.0; Win64; x64) AppleWebKit/537.36 (KHTML, like Gecko) Chrome/72.0.3626.121 Safari/537.36"
::1 - - [16/Mar/2019:15:59:59 +0100] "GET /dashboard/images/social-icons.png HTTP/1.1" 200 3361 "http://localhost:3307/dashboard/stylesheets/all.css" "Mozilla/5.0 (Windows NT 10.0; Win64; x64) AppleWebKit/537.36 (KHTML, like Gecko) Chrome/72.0.3626.121 Safari/537.36"
::1 - - [16/Mar/2019:16:00:00 +0100] "GET /phpmyadmin/ HTTP/1.1" 200 13196 "http://localhost:3307/dashboard/" "Mozilla/5.0 (Windows NT 10.0; Win64; x64) AppleWebKit/537.36 (KHTML, like Gecko) Chrome/72.0.3626.121 Safari/537.36"
::1 - - [16/Mar/2019:16:00:01 +0100] "GET /phpmyadmin/themes/pmahomme/jquery/jquery-ui.css HTTP/1.1" 200 36566 "-" "Mozilla/5.0 (Windows NT 10.0; Win64; x64) AppleWebKit/537.36 (KHTML, like Gecko) Chrome/72.0.3626.121 Safari/537.36"
::1 - - [16/Mar/2019:16:00:01 +0100] "GET /phpmyadmin/js/vendor/codemirror/lib/codemirror.css?v=4.8.5 HTTP/1.1" 200 8542 "-" "Mozilla/5.0 (Windows NT 10.0; Win64; x64) AppleWebKit/537.36 (KHTML, like Gecko) Chrome/72.0.3626.121 Safari/537.36"
::1 - - [16/Mar/2019:16:00:01 +0100] "GET /phpmyadmin/js/vendor/codemirror/addon/hint/show-hint.css?v=4.8.5 HTTP/1.1" 200 623 "-" "Mozilla/5.0 (Windows NT 10.0; Win64; x64) AppleWebKit/537.36 (KHTML, like Gecko) Chrome/72.0.3626.121 Safari/537.36"
::1 - - [16/Mar/2019:16:00:01 +0100] "GET /phpmyadmin/js/vendor/codemirror/addon/lint/lint.css?v=4.8.5 HTTP/1.1" 200 2999 "-" "Mozilla/5.0 (Windows NT 10.0; Win64; x64) AppleWebKit/537.36 (KHTML, like Gecko) Chrome/72.0.3626.121 Safari/537.36"
::1 - - [16/Mar/2019:16:00:01 +0100] "GET /phpmyadmin/js/vendor/jquery/jquery-migrate.js?v=4.8.5 HTTP/1.1" 200 17813 "-" "Mozilla/5.0 (Windows NT 10.0; Win64; x64) AppleWebKit/537.36 (KHTML, like Gecko) Chrome/72.0.3626.121 Safari/537.36"
::1 - - [16/Mar/2019:16:00:01 +0100] "GET /phpmyadmin/js/vendor/sprintf.js?v=4.8.5 HTTP/1.1" 200 7387 "-" "Mozilla/5.0 (Windows NT 10.0; Win64; x64) AppleWebKit/537.36 (KHTML, like Gecko) Chrome/72.0.3626.121 Safari/537.36"
::1 - - [16/Mar/2019:16:00:01 +0100] "GET /phpmyadmin/js/ajax.js?v=4.8.5 HTTP/1.1" 200 31246 "-" "Mozilla/5.0 (Windows NT 10.0; Win64; x64) AppleWebKit/537.36 (KHTML, like Gecko) Chrome/72.0.3626.121 Safari/537.36"
::1 - - [16/Mar/2019:16:00:01 +0100] "GET /phpmyadmin/js/vendor/jquery/jquery.min.js?v=4.8.5 HTTP/1.1" 200 86927 "-" "Mozilla/5.0 (Windows NT 10.0; Win64; x64) AppleWebKit/537.36 (KHTML, like Gecko) Chrome/72.0.3626.121 Safari/537.36"
::1 - - [16/Mar/2019:16:00:01 +0100] "GET /phpmyadmin/js/keyhandler.js?v=4.8.5 HTTP/1.1" 200 3333 "-" "Mozilla/5.0 (Windows NT 10.0; Win64; x64) AppleWebKit/537.36 (KHTML, like Gecko) Chrome/72.0.3626.121 Safari/537.36"
::1 - - [16/Mar/2019:16:00:01 +0100] "GET /phpmyadmin/js/vendor/js.cookie.js?v=4.8.5 HTTP/1.1" 200 3886 "-" "Mozilla/5.0 (Windows NT 10.0; Win64; x64) AppleWebKit/537.36 (KHTML, like Gecko) Chrome/72.0.3626.121 Safari/537.36"
::1 - - [16/Mar/2019:16:00:01 +0100] "GET /phpmyadmin/js/vendor/jquery/jquery-ui.min.js?v=4.8.5 HTTP/1.1" 200 253681 "-" "Mozilla/5.0 (Windows NT 10.0; Win64; x64) AppleWebKit/537.36 (KHTML, like Gecko) Chrome/72.0.3626.121 Safari/537.36"
::1 - - [16/Mar/2019:16:00:01 +0100] "GET /phpmyadmin/js/vendor/jquery/jquery.mousewheel.js?v=4.8.5 HTTP/1.1" 200 8267 "-" "Mozilla/5.0 (Windows NT 10.0; Win64; x64) AppleWebKit/537.36 (KHTML, like Gecko) Chrome/72.0.3626.121 Safari/537.36"
::1 - - [16/Mar/2019:16:00:01 +0100] "GET /phpmyadmin/js/vendor/jquery/jquery.event.drag-2.2.js?v=4.8.5 HTTP/1.1" 200 12826 "-" "Mozilla/5.0 (Windows NT 10.0; Win64; x64) AppleWebKit/537.36 (KHTML, like Gecko) Chrome/72.0.3626.121 Safari/537.36"
::1 - - [16/Mar/2019:16:00:01 +0100] "GET /phpmyadmin/js/vendor/jquery/jquery.validate.js?v=4.8.5 HTTP/1.1" 200 48696 "-" "Mozilla/5.0 (Windows NT 10.0; Win64; x64) AppleWebKit/537.36 (KHTML, like Gecko) Chrome/72.0.3626.121 Safari/537.36"
::1 - - [16/Mar/2019:16:00:01 +0100] "GET /phpmyadmin/js/vendor/jquery/jquery-ui-timepicker-addon.js?v=4.8.5 HTTP/1.1" 200 78475 "-" "Mozilla/5.0 (Windows NT 10.0; Win64; x64) AppleWebKit/537.36 (KHTML, like Gecko) Chrome/72.0.3626.121 Safari/537.36"
::1 - - [16/Mar/2019:16:00:01 +0100] "GET /phpmyadmin/js/vendor/jquery/jquery.ba-hashchange-1.3.js?v=4.8.5 HTTP/1.1" 200 16522 "-" "Mozilla/5.0 (Windows NT 10.0; Win64; x64) AppleWebKit/537.36 (KHTML, like Gecko) Chrome/72.0.3626.121 Safari/537.36"
::1 - - [16/Mar/2019:16:00:01 +0100] "GET /phpmyadmin/js/menu-resizer.js?v=4.8.5 HTTP/1.1" 200 8318 "-" "Mozilla/5.0 (Windows NT 10.0; Win64; x64) AppleWebKit/537.36 (KHTML, like Gecko) Chrome/72.0.3626.121 Safari/537.36"
::1 - - [16/Mar/2019:16:00:01 +0100] "GET /phpmyadmin/js/vendor/jquery/jquery.debounce-1.0.5.js?v=4.8.5 HTTP/1.1" 200 1169 "-" "Mozilla/5.0 (Windows NT 10.0; Win64; x64) AppleWebKit/537.36 (KHTML, like Gecko) Chrome/72.0.3626.121 Safari/537.36"
::1 - - [16/Mar/2019:16:00:01 +0100] "GET /phpmyadmin/js/cross_framing_protection.js?v=4.8.5 HTTP/1.1" 200 471 "-" "Mozilla/5.0 (Windows NT 10.0; Win64; x64) AppleWebKit/537.36 (KHTML, like Gecko) Chrome/72.0.3626.121 Safari/537.36"
::1 - - [16/Mar/2019:16:00:01 +0100] "GET /phpmyadmin/js/rte.js?v=4.8.5 HTTP/1.1" 200 47688 "-" "Mozilla/5.0 (Windows NT 10.0; Win64; x64) AppleWebKit/537.36 (KHTML, like Gecko) Chrome/72.0.3626.121 Safari/537.36"
::1 - - [16/Mar/2019:16:00:01 +0100] "GET /phpmyadmin/js/vendor/tracekit.js?v=4.8.5 HTTP/1.1" 200 45389 "-" "Mozilla/5.0 (Windows NT 10.0; Win64; x64) AppleWebKit/537.36 (KHTML, like Gecko) Chrome/72.0.3626.121 Safari/537.36"
::1 - - [16/Mar/2019:16:00:01 +0100] "GET /phpmyadmin/js/error_report.js?v=4.8.5 HTTP/1.1" 200 10098 "-" "Mozilla/5.0 (Windows NT 10.0; Win64; x64) AppleWebKit/537.36 (KHTML, like Gecko) Chrome/72.0.3626.121 Safari/537.36"
::1 - - [16/Mar/2019:16:00:01 +0100] "GET /phpmyadmin/js/config.js?v=4.8.5 HTTP/1.1" 200 26929 "-" "Mozilla/5.0 (Windows NT 10.0; Win64; x64) AppleWebKit/537.36 (KHTML, like Gecko) Chrome/72.0.3626.121 Safari/537.36"
::1 - - [16/Mar/2019:16:00:01 +0100] "GET /phpmyadmin/js/doclinks.js?v=4.8.5 HTTP/1.1" 200 20643 "-" "Mozilla/5.0 (Windows NT 10.0; Win64; x64) AppleWebKit/537.36 (KHTML, like Gecko) Chrome/72.0.3626.121 Safari/537.36"
::1 - - [16/Mar/2019:16:00:01 +0100] "GET /phpmyadmin/js/functions.js?v=4.8.5 HTTP/1.1" 200 173667 "-" "Mozilla/5.0 (Windows NT 10.0; Win64; x64) AppleWebKit/537.36 (KHTML, like Gecko) Chrome/72.0.3626.121 Safari/537.36"
::1 - - [16/Mar/2019:16:00:01 +0100] "GET /phpmyadmin/js/navigation.js?v=4.8.5 HTTP/1.1" 200 60076 "-" "Mozilla/5.0 (Windows NT 10.0; Win64; x64) AppleWebKit/537.36 (KHTML, like Gecko) Chrome/72.0.3626.121 Safari/537.36"
::1 - - [16/Mar/2019:16:00:01 +0100] "GET /phpmyadmin/js/indexes.js?v=4.8.5 HTTP/1.1" 200 27242 "-" "Mozilla/5.0 (Windows NT 10.0; Win64; x64) AppleWebKit/537.36 (KHTML, like Gecko) Chrome/72.0.3626.121 Safari/537.36"
::1 - - [16/Mar/2019:16:00:01 +0100] "GET /phpmyadmin/js/common.js?v=4.8.5 HTTP/1.1" 200 19168 "-" "Mozilla/5.0 (Windows NT 10.0; Win64; x64) AppleWebKit/537.36 (KHTML, like Gecko) Chrome/72.0.3626.121 Safari/537.36"
::1 - - [16/Mar/2019:16:00:01 +0100] "GET /phpmyadmin/js/page_settings.js?v=4.8.5 HTTP/1.1" 200 1749 "-" "Mozilla/5.0 (Windows NT 10.0; Win64; x64) AppleWebKit/537.36 (KHTML, like Gecko) Chrome/72.0.3626.121 Safari/537.36"
::1 - - [16/Mar/2019:16:00:01 +0100] "GET /phpmyadmin/js/shortcuts_handler.js?v=4.8.5 HTTP/1.1" 200 3264 "-" "Mozilla/5.0 (Windows NT 10.0; Win64; x64) AppleWebKit/537.36 (KHTML, like Gecko) Chrome/72.0.3626.121 Safari/537.36"
::1 - - [16/Mar/2019:16:00:01 +0100] "GET /phpmyadmin/js/vendor/codemirror/lib/codemirror.js?v=4.8.5 HTTP/1.1" 200 373234 "-" "Mozilla/5.0 (Windows NT 10.0; Win64; x64) AppleWebKit/537.36 (KHTML, like Gecko) Chrome/72.0.3626.121 Safari/537.36"
::1 - - [16/Mar/2019:16:00:01 +0100] "GET /phpmyadmin/js/vendor/codemirror/mode/sql/sql.js?v=4.8.5 HTTP/1.1" 200 45323 "-" "Mozilla/5.0 (Windows NT 10.0; Win64; x64) AppleWebKit/537.36 (KHTML, like Gecko) Chrome/72.0.3626.121 Safari/537.36"
::1 - - [16/Mar/2019:16:00:01 +0100] "GET /phpmyadmin/js/vendor/codemirror/addon/runmode/runmode.js?v=4.8.5 HTTP/1.1" 200 2499 "-" "Mozilla/5.0 (Windows NT 10.0; Win64; x64) AppleWebKit/537.36 (KHTML, like Gecko) Chrome/72.0.3626.121 Safari/537.36"
::1 - - [16/Mar/2019:16:00:01 +0100] "GET /phpmyadmin/js/vendor/codemirror/addon/hint/show-hint.js?v=4.8.5 HTTP/1.1" 200 15909 "-" "Mozilla/5.0 (Windows NT 10.0; Win64; x64) AppleWebKit/537.36 (KHTML, like Gecko) Chrome/72.0.3626.121 Safari/537.36"
::1 - - [16/Mar/2019:16:00:01 +0100] "GET /phpmyadmin/js/vendor/codemirror/addon/hint/sql-hint.js?v=4.8.5 HTTP/1.1" 200 9148 "-" "Mozilla/5.0 (Windows NT 10.0; Win64; x64) AppleWebKit/537.36 (KHTML, like Gecko) Chrome/72.0.3626.121 Safari/537.36"
::1 - - [16/Mar/2019:16:00:01 +0100] "GET /phpmyadmin/js/vendor/codemirror/addon/lint/lint.js?v=4.8.5 HTTP/1.1" 200 8609 "-" "Mozilla/5.0 (Windows NT 10.0; Win64; x64) AppleWebKit/537.36 (KHTML, like Gecko) Chrome/72.0.3626.121 Safari/537.36"
::1 - - [16/Mar/2019:16:00:01 +0100] "GET /phpmyadmin/js/codemirror/addon/lint/sql-lint.js?v=4.8.5 HTTP/1.1" 200 1048 "-" "Mozilla/5.0 (Windows NT 10.0; Win64; x64) AppleWebKit/537.36 (KHTML, like Gecko) Chrome/72.0.3626.121 Safari/537.36"
::1 - - [16/Mar/2019:16:00:01 +0100] "GET /phpmyadmin/js/console.js?v=4.8.5 HTTP/1.1" 200 57278 "-" "Mozilla/5.0 (Windows NT 10.0; Win64; x64) AppleWebKit/537.36 (KHTML, like Gecko) Chrome/72.0.3626.121 Safari/537.36"
::1 - - [16/Mar/2019:16:00:01 +0100] "GET /phpmyadmin/themes/dot.gif HTTP/1.1" 200 43 "-" "Mozilla/5.0 (Windows NT 10.0; Win64; x64) AppleWebKit/537.36 (KHTML, like Gecko) Chrome/72.0.3626.121 Safari/537.36"
::1 - - [16/Mar/2019:16:00:01 +0100] "GET /phpmyadmin/themes/pmahomme/img/logo_left.png HTTP/1.1" 200 2713 "-" "Mozilla/5.0 (Windows NT 10.0; Win64; x64) AppleWebKit/537.36 (KHTML, like Gecko) Chrome/72.0.3626.121 Safari/537.36"
::1 - - [16/Mar/2019:16:00:01 +0100] "GET /phpmyadmin/themes/pmahomme/css/printview.css?v=4.8.5 HTTP/1.1" 200 2746 "-" "Mozilla/5.0 (Windows NT 10.0; Win64; x64) AppleWebKit/537.36 (KHTML, like Gecko) Chrome/72.0.3626.121 Safari/537.36"
::1 - - [16/Mar/2019:16:00:01 +0100] "GET /phpmyadmin/phpmyadmin.css.php?nocache=6096862854ltr&server=1 HTTP/1.1" 200 20760 "-" "Mozilla/5.0 (Windows NT 10.0; Win64; x64) AppleWebKit/537.36 (KHTML, like Gecko) Chrome/72.0.3626.121 Safari/537.36"
::1 - - [16/Mar/2019:16:00:01 +0100] "GET /phpmyadmin/js/whitelist.php?v=4.8.5&lang=en HTTP/1.1" 200 57 "-" "Mozilla/5.0 (Windows NT 10.0; Win64; x64) AppleWebKit/537.36 (KHTML, like Gecko) Chrome/72.0.3626.121 Safari/537.36"
::1 - - [16/Mar/2019:16:00:01 +0100] "GET /phpmyadmin/js/messages.php?l=en&v=4.8.5&lang=en HTTP/1.1" 200 8822 "-" "Mozilla/5.0 (Windows NT 10.0; Win64; x64) AppleWebKit/537.36 (KHTML, like Gecko) Chrome/72.0.3626.121 Safari/537.36"
::1 - - [16/Mar/2019:16:00:01 +0100] "GET /phpmyadmin/themes/pmahomme/img/b_home.png HTTP/1.1" 200 734 "http://localhost:3307/phpmyadmin/phpmyadmin.css.php?nocache=6096862854ltr&server=1" "Mozilla/5.0 (Windows NT 10.0; Win64; x64) AppleWebKit/537.36 (KHTML, like Gecko) Chrome/72.0.3626.121 Safari/537.36"
::1 - - [16/Mar/2019:16:00:01 +0100] "GET /phpmyadmin/themes/pmahomme/img/left_nav_bg.png HTTP/1.1" 200 146 "http://localhost:3307/phpmyadmin/phpmyadmin.css.php?nocache=6096862854ltr&server=1" "Mozilla/5.0 (Windows NT 10.0; Win64; x64) AppleWebKit/537.36 (KHTML, like Gecko) Chrome/72.0.3626.121 Safari/537.36"
::1 - - [16/Mar/2019:16:00:01 +0100] "GET /phpmyadmin/themes/pmahomme/img/s_loggoff.png HTTP/1.1" 200 626 "http://localhost:3307/phpmyadmin/phpmyadmin.css.php?nocache=6096862854ltr&server=1" "Mozilla/5.0 (Windows NT 10.0; Win64; x64) AppleWebKit/537.36 (KHTML, like Gecko) Chrome/72.0.3626.121 Safari/537.36"
::1 - - [16/Mar/2019:16:00:01 +0100] "GET /phpmyadmin/themes/pmahomme/img/b_docs.png HTTP/1.1" 200 705 "http://localhost:3307/phpmyadmin/phpmyadmin.css.php?nocache=6096862854ltr&server=1" "Mozilla/5.0 (Windows NT 10.0; Win64; x64) AppleWebKit/537.36 (KHTML, like Gecko) Chrome/72.0.3626.121 Safari/537.36"
::1 - - [16/Mar/2019:16:00:01 +0100] "GET /phpmyadmin/themes/pmahomme/img/b_sqlhelp.png HTTP/1.1" 200 512 "http://localhost:3307/phpmyadmin/phpmyadmin.css.php?nocache=6096862854ltr&server=1" "Mozilla/5.0 (Windows NT 10.0; Win64; x64) AppleWebKit/537.36 (KHTML, like Gecko) Chrome/72.0.3626.121 Safari/537.36"
::1 - - [16/Mar/2019:16:00:01 +0100] "GET /phpmyadmin/themes/pmahomme/img/s_cog.png HTTP/1.1" 200 442 "http://localhost:3307/phpmyadmin/phpmyadmin.css.php?nocache=6096862854ltr&server=1" "Mozilla/5.0 (Windows NT 10.0; Win64; x64) AppleWebKit/537.36 (KHTML, like Gecko) Chrome/72.0.3626.121 Safari/537.36"
::1 - - [16/Mar/2019:16:00:01 +0100] "GET /phpmyadmin/themes/pmahomme/img/s_reload.png HTTP/1.1" 200 527 "http://localhost:3307/phpmyadmin/phpmyadmin.css.php?nocache=6096862854ltr&server=1" "Mozilla/5.0 (Windows NT 10.0; Win64; x64) AppleWebKit/537.36 (KHTML, like Gecko) Chrome/72.0.3626.121 Safari/537.36"
::1 - - [16/Mar/2019:16:00:01 +0100] "GET /phpmyadmin/themes/pmahomme/img/ajax_clock_small.gif HTTP/1.1" 200 1810 "http://localhost:3307/phpmyadmin/phpmyadmin.css.php?nocache=6096862854ltr&server=1" "Mozilla/5.0 (Windows NT 10.0; Win64; x64) AppleWebKit/537.36 (KHTML, like Gecko) Chrome/72.0.3626.121 Safari/537.36"
::1 - - [16/Mar/2019:16:00:01 +0100] "GET /phpmyadmin/themes/pmahomme/img/s_link.png HTTP/1.1" 200 280 "http://localhost:3307/phpmyadmin/phpmyadmin.css.php?nocache=6096862854ltr&server=1" "Mozilla/5.0 (Windows NT 10.0; Win64; x64) AppleWebKit/537.36 (KHTML, like Gecko) Chrome/72.0.3626.121 Safari/537.36"
::1 - - [16/Mar/2019:16:00:01 +0100] "GET /phpmyadmin/themes/pmahomme/img/b_newdb.png HTTP/1.1" 200 585 "http://localhost:3307/phpmyadmin/phpmyadmin.css.php?nocache=6096862854ltr&server=1" "Mozilla/5.0 (Windows NT 10.0; Win64; x64) AppleWebKit/537.36 (KHTML, like Gecko) Chrome/72.0.3626.121 Safari/537.36"
::1 - - [16/Mar/2019:16:00:01 +0100] "GET /phpmyadmin/themes/pmahomme/img/b_plus.png HTTP/1.1" 200 143 "http://localhost:3307/phpmyadmin/phpmyadmin.css.php?nocache=6096862854ltr&server=1" "Mozilla/5.0 (Windows NT 10.0; Win64; x64) AppleWebKit/537.36 (KHTML, like Gecko) Chrome/72.0.3626.121 Safari/537.36"
::1 - - [16/Mar/2019:16:00:01 +0100] "GET /phpmyadmin/themes/pmahomme/img/s_db.png HTTP/1.1" 200 328 "http://localhost:3307/phpmyadmin/phpmyadmin.css.php?nocache=6096862854ltr&server=1" "Mozilla/5.0 (Windows NT 10.0; Win64; x64) AppleWebKit/537.36 (KHTML, like Gecko) Chrome/72.0.3626.121 Safari/537.36"
::1 - - [16/Mar/2019:16:00:01 +0100] "GET /phpmyadmin/themes/pmahomme/img/s_host.png HTTP/1.1" 200 591 "http://localhost:3307/phpmyadmin/phpmyadmin.css.php?nocache=6096862854ltr&server=1" "Mozilla/5.0 (Windows NT 10.0; Win64; x64) AppleWebKit/537.36 (KHTML, like Gecko) Chrome/72.0.3626.121 Safari/537.36"
::1 - - [16/Mar/2019:16:00:01 +0100] "GET /phpmyadmin/themes/pmahomme/img/s_status.png HTTP/1.1" 200 600 "http://localhost:3307/phpmyadmin/phpmyadmin.css.php?nocache=6096862854ltr&server=1" "Mozilla/5.0 (Windows NT 10.0; Win64; x64) AppleWebKit/537.36 (KHTML, like Gecko) Chrome/72.0.3626.121 Safari/537.36"
::1 - - [16/Mar/2019:16:00:01 +0100] "GET /phpmyadmin/themes/pmahomme/img/b_sql.png HTTP/1.1" 200 680 "http://localhost:3307/phpmyadmin/phpmyadmin.css.php?nocache=6096862854ltr&server=1" "Mozilla/5.0 (Windows NT 10.0; Win64; x64) AppleWebKit/537.36 (KHTML, like Gecko) Chrome/72.0.3626.121 Safari/537.36"
::1 - - [16/Mar/2019:16:00:01 +0100] "GET /phpmyadmin/themes/pmahomme/img/s_rights.png HTTP/1.1" 200 461 "http://localhost:3307/phpmyadmin/phpmyadmin.css.php?nocache=6096862854ltr&server=1" "Mozilla/5.0 (Windows NT 10.0; Win64; x64) AppleWebKit/537.36 (KHTML, like Gecko) Chrome/72.0.3626.121 Safari/537.36"
::1 - - [16/Mar/2019:16:00:01 +0100] "GET /phpmyadmin/themes/pmahomme/img/b_export.png HTTP/1.1" 200 514 "http://localhost:3307/phpmyadmin/phpmyadmin.css.php?nocache=6096862854ltr&server=1" "Mozilla/5.0 (Windows NT 10.0; Win64; x64) AppleWebKit/537.36 (KHTML, like Gecko) Chrome/72.0.3626.121 Safari/537.36"
::1 - - [16/Mar/2019:16:00:01 +0100] "GET /phpmyadmin/themes/pmahomme/img/b_import.png HTTP/1.1" 200 556 "http://localhost:3307/phpmyadmin/phpmyadmin.css.php?nocache=6096862854ltr&server=1" "Mozilla/5.0 (Windows NT 10.0; Win64; x64) AppleWebKit/537.36 (KHTML, like Gecko) Chrome/72.0.3626.121 Safari/537.36"
::1 - - [16/Mar/2019:16:00:01 +0100] "GET /phpmyadmin/themes/pmahomme/img/b_tblops.png HTTP/1.1" 200 537 "http://localhost:3307/phpmyadmin/phpmyadmin.css.php?nocache=6096862854ltr&server=1" "Mozilla/5.0 (Windows NT 10.0; Win64; x64) AppleWebKit/537.36 (KHTML, like Gecko) Chrome/72.0.3626.121 Safari/537.36"
::1 - - [16/Mar/2019:16:00:01 +0100] "GET /phpmyadmin/themes/pmahomme/img/s_replication.png HTTP/1.1" 200 399 "http://localhost:3307/phpmyadmin/phpmyadmin.css.php?nocache=6096862854ltr&server=1" "Mozilla/5.0 (Windows NT 10.0; Win64; x64) AppleWebKit/537.36 (KHTML, like Gecko) Chrome/72.0.3626.121 Safari/537.36"
::1 - - [16/Mar/2019:16:00:02 +0100] "GET /phpmyadmin/themes/pmahomme/img/s_vars.png HTTP/1.1" 200 523 "http://localhost:3307/phpmyadmin/phpmyadmin.css.php?nocache=6096862854ltr&server=1" "Mozilla/5.0 (Windows NT 10.0; Win64; x64) AppleWebKit/537.36 (KHTML, like Gecko) Chrome/72.0.3626.121 Safari/537.36"
::1 - - [16/Mar/2019:16:00:02 +0100] "GET /phpmyadmin/themes/pmahomme/img/s_asci.png HTTP/1.1" 200 148 "http://localhost:3307/phpmyadmin/phpmyadmin.css.php?nocache=6096862854ltr&server=1" "Mozilla/5.0 (Windows NT 10.0; Win64; x64) AppleWebKit/537.36 (KHTML, like Gecko) Chrome/72.0.3626.121 Safari/537.36"
::1 - - [16/Mar/2019:16:00:02 +0100] "GET /phpmyadmin/themes/pmahomme/img/b_plugin.png HTTP/1.1" 200 512 "http://localhost:3307/phpmyadmin/phpmyadmin.css.php?nocache=6096862854ltr&server=1" "Mozilla/5.0 (Windows NT 10.0; Win64; x64) AppleWebKit/537.36 (KHTML, like Gecko) Chrome/72.0.3626.121 Safari/537.36"
::1 - - [16/Mar/2019:16:00:02 +0100] "GET /phpmyadmin/themes/pmahomme/img/b_engine.png HTTP/1.1" 200 398 "http://localhost:3307/phpmyadmin/phpmyadmin.css.php?nocache=6096862854ltr&server=1" "Mozilla/5.0 (Windows NT 10.0; Win64; x64) AppleWebKit/537.36 (KHTML, like Gecko) Chrome/72.0.3626.121 Safari/537.36"
::1 - - [16/Mar/2019:16:00:02 +0100] "GET /phpmyadmin/themes/pmahomme/img/s_top.png HTTP/1.1" 200 220 "http://localhost:3307/phpmyadmin/phpmyadmin.css.php?nocache=6096862854ltr&server=1" "Mozilla/5.0 (Windows NT 10.0; Win64; x64) AppleWebKit/537.36 (KHTML, like Gecko) Chrome/72.0.3626.121 Safari/537.36"
::1 - - [16/Mar/2019:16:00:02 +0100] "GET /phpmyadmin/themes/pmahomme/img/console.png HTTP/1.1" 200 292 "http://localhost:3307/phpmyadmin/phpmyadmin.css.php?nocache=6096862854ltr&server=1" "Mozilla/5.0 (Windows NT 10.0; Win64; x64) AppleWebKit/537.36 (KHTML, like Gecko) Chrome/72.0.3626.121 Safari/537.36"
::1 - - [16/Mar/2019:16:00:02 +0100] "GET /phpmyadmin/themes/pmahomme/img/b_help.png HTTP/1.1" 200 705 "http://localhost:3307/phpmyadmin/phpmyadmin.css.php?nocache=6096862854ltr&server=1" "Mozilla/5.0 (Windows NT 10.0; Win64; x64) AppleWebKit/537.36 (KHTML, like Gecko) Chrome/72.0.3626.121 Safari/537.36"
::1 - - [16/Mar/2019:16:00:02 +0100] "GET /phpmyadmin/themes/pmahomme/img/s_lang.png HTTP/1.1" 200 659 "http://localhost:3307/phpmyadmin/phpmyadmin.css.php?nocache=6096862854ltr&server=1" "Mozilla/5.0 (Windows NT 10.0; Win64; x64) AppleWebKit/537.36 (KHTML, like Gecko) Chrome/72.0.3626.121 Safari/537.36"
::1 - - [16/Mar/2019:16:00:02 +0100] "GET /phpmyadmin/themes/pmahomme/img/s_theme.png HTTP/1.1" 200 772 "http://localhost:3307/phpmyadmin/phpmyadmin.css.php?nocache=6096862854ltr&server=1" "Mozilla/5.0 (Windows NT 10.0; Win64; x64) AppleWebKit/537.36 (KHTML, like Gecko) Chrome/72.0.3626.121 Safari/537.36"
::1 - - [16/Mar/2019:16:00:02 +0100] "GET /phpmyadmin/themes/pmahomme/img/window-new.png HTTP/1.1" 200 468 "http://localhost:3307/phpmyadmin/phpmyadmin.css.php?nocache=6096862854ltr&server=1" "Mozilla/5.0 (Windows NT 10.0; Win64; x64) AppleWebKit/537.36 (KHTML, like Gecko) Chrome/72.0.3626.121 Safari/537.36"
::1 - - [16/Mar/2019:16:00:02 +0100] "POST /phpmyadmin/ajax.php HTTP/1.1" 200 1394 "-" "Mozilla/5.0 (Windows NT 10.0; Win64; x64) AppleWebKit/537.36 (KHTML, like Gecko) Chrome/72.0.3626.121 Safari/537.36"
::1 - - [16/Mar/2019:16:00:02 +0100] "GET /phpmyadmin/themes/pmahomme/img/b_more.png HTTP/1.1" 200 111 "http://localhost:3307/phpmyadmin/phpmyadmin.css.php?nocache=6096862854ltr&server=1" "Mozilla/5.0 (Windows NT 10.0; Win64; x64) AppleWebKit/537.36 (KHTML, like Gecko) Chrome/72.0.3626.121 Safari/537.36"
::1 - - [16/Mar/2019:16:00:02 +0100] "POST /phpmyadmin/navigation.php?ajax_request=1&lang=en HTTP/1.1" 200 2047 "-" "Mozilla/5.0 (Windows NT 10.0; Win64; x64) AppleWebKit/537.36 (KHTML, like Gecko) Chrome/72.0.3626.121 Safari/537.36"
::1 - - [16/Mar/2019:16:00:02 +0100] "POST /phpmyadmin/ajax.php HTTP/1.1" 200 1488 "-" "Mozilla/5.0 (Windows NT 10.0; Win64; x64) AppleWebKit/537.36 (KHTML, like Gecko) Chrome/72.0.3626.121 Safari/537.36"
::1 - - [16/Mar/2019:16:00:03 +0100] "GET /phpmyadmin/favicon.ico HTTP/1.1" 200 22486 "-" "Mozilla/5.0 (Windows NT 10.0; Win64; x64) AppleWebKit/537.36 (KHTML, like Gecko) Chrome/72.0.3626.121 Safari/537.36"
::1 - - [16/Mar/2019:16:00:02 +0100] "POST /phpmyadmin/ajax.php HTTP/1.1" 200 1385 "-" "Mozilla/5.0 (Windows NT 10.0; Win64; x64) AppleWebKit/537.36 (KHTML, like Gecko) Chrome/72.0.3626.121 Safari/537.36"
::1 - - [16/Mar/2019:16:00:02 +0100] "POST /phpmyadmin/version_check.php HTTP/1.1" 200 28 "-" "Mozilla/5.0 (Windows NT 10.0; Win64; x64) AppleWebKit/537.36 (KHTML, like Gecko) Chrome/72.0.3626.121 Safari/537.36"
::1 - - [16/Mar/2019:16:00:02 +0100] "POST /phpmyadmin/db_structure.php?ajax_request=1&favorite_table=1&sync_favorite_tables=1&lang=en HTTP/1.1" 200 143 "-" "Mozilla/5.0 (Windows NT 10.0; Win64; x64) AppleWebKit/537.36 (KHTML, like Gecko) Chrome/72.0.3626.121 Safari/537.36"
::1 - - [16/Mar/2019:16:00:06 +0100] "GET /phpmyadmin/server_databases.php?server=1&ajax_request=true&ajax_page_request=true&_nocache=155274840624314767&token=%5EsxI!JkU%27_s3GF%60( HTTP/1.1" 200 6154 "-" "Mozilla/5.0 (Windows NT 10.0; Win64; x64) AppleWebKit/537.36 (KHTML, like Gecko) Chrome/72.0.3626.121 Safari/537.36"
::1 - - [16/Mar/2019:16:00:06 +0100] "GET /phpmyadmin/themes/pmahomme/img/s_asc.png HTTP/1.1" 200 146 "http://localhost:3307/phpmyadmin/phpmyadmin.css.php?nocache=6096862854ltr&server=1" "Mozilla/5.0 (Windows NT 10.0; Win64; x64) AppleWebKit/537.36 (KHTML, like Gecko) Chrome/72.0.3626.121 Safari/537.36"
::1 - - [16/Mar/2019:16:00:06 +0100] "GET /phpmyadmin/themes/pmahomme/img/b_deltbl.png HTTP/1.1" 200 577 "http://localhost:3307/phpmyadmin/phpmyadmin.css.php?nocache=6096862854ltr&server=1" "Mozilla/5.0 (Windows NT 10.0; Win64; x64) AppleWebKit/537.36 (KHTML, like Gecko) Chrome/72.0.3626.121 Safari/537.36"
::1 - - [16/Mar/2019:16:00:06 +0100] "GET /phpmyadmin/themes/pmahomme/img/s_notice.png HTTP/1.1" 200 567 "http://localhost:3307/phpmyadmin/phpmyadmin.css.php?nocache=6096862854ltr&server=1" "Mozilla/5.0 (Windows NT 10.0; Win64; x64) AppleWebKit/537.36 (KHTML, like Gecko) Chrome/72.0.3626.121 Safari/537.36"
::1 - - [16/Mar/2019:16:00:06 +0100] "GET /phpmyadmin/js/server_databases.js?v=4.8.5 HTTP/1.1" 200 5692 "-" "Mozilla/5.0 (Windows NT 10.0; Win64; x64) AppleWebKit/537.36 (KHTML, like Gecko) Chrome/72.0.3626.121 Safari/537.36"
::1 - - [16/Mar/2019:16:00:06 +0100] "GET /phpmyadmin/themes/pmahomme/img/arrow_ltr.png HTTP/1.1" 200 101 "-" "Mozilla/5.0 (Windows NT 10.0; Win64; x64) AppleWebKit/537.36 (KHTML, like Gecko) Chrome/72.0.3626.121 Safari/537.36"
::1 - - [16/Mar/2019:16:00:10 +0100] "POST /phpmyadmin/server_databases.php HTTP/1.1" 200 1785 "-" "Mozilla/5.0 (Windows NT 10.0; Win64; x64) AppleWebKit/537.36 (KHTML, like Gecko) Chrome/72.0.3626.121 Safari/537.36"
::1 - - [16/Mar/2019:16:00:10 +0100] "GET /phpmyadmin/themes/pmahomme/img/s_success.png HTTP/1.1" 200 465 "http://localhost:3307/phpmyadmin/phpmyadmin.css.php?nocache=6096862854ltr&server=1" "Mozilla/5.0 (Windows NT 10.0; Win64; x64) AppleWebKit/537.36 (KHTML, like Gecko) Chrome/72.0.3626.121 Safari/537.36"
::1 - - [16/Mar/2019:16:00:10 +0100] "POST /phpmyadmin/navigation.php?ajax_request=1&lang=en HTTP/1.1" 200 2075 "-" "Mozilla/5.0 (Windows NT 10.0; Win64; x64) AppleWebKit/537.36 (KHTML, like Gecko) Chrome/72.0.3626.121 Safari/537.36"
::1 - - [16/Mar/2019:16:00:10 +0100] "GET /phpmyadmin/db_structure.php?db=xabal&ajax_request=true&ajax_page_request=true&_nocache=1552748410989360946&token=%5EsxI!JkU%27_s3GF%60( HTTP/1.1" 200 2772 "-" "Mozilla/5.0 (Windows NT 10.0; Win64; x64) AppleWebKit/537.36 (KHTML, like Gecko) Chrome/72.0.3626.121 Safari/537.36"
::1 - - [16/Mar/2019:16:00:11 +0100] "GET /phpmyadmin/themes/pmahomme/img/b_props.png HTTP/1.1" 200 573 "http://localhost:3307/phpmyadmin/phpmyadmin.css.php?nocache=6096862854ltr&server=1" "Mozilla/5.0 (Windows NT 10.0; Win64; x64) AppleWebKit/537.36 (KHTML, like Gecko) Chrome/72.0.3626.121 Safari/537.36"
::1 - - [16/Mar/2019:16:00:11 +0100] "GET /phpmyadmin/themes/pmahomme/img/b_search.png HTTP/1.1" 200 538 "http://localhost:3307/phpmyadmin/phpmyadmin.css.php?nocache=6096862854ltr&server=1" "Mozilla/5.0 (Windows NT 10.0; Win64; x64) AppleWebKit/537.36 (KHTML, like Gecko) Chrome/72.0.3626.121 Safari/537.36"
::1 - - [16/Mar/2019:16:00:11 +0100] "GET /phpmyadmin/themes/pmahomme/img/b_routines.png HTTP/1.1" 200 306 "http://localhost:3307/phpmyadmin/phpmyadmin.css.php?nocache=6096862854ltr&server=1" "Mozilla/5.0 (Windows NT 10.0; Win64; x64) AppleWebKit/537.36 (KHTML, like Gecko) Chrome/72.0.3626.121 Safari/537.36"
::1 - - [16/Mar/2019:16:00:11 +0100] "GET /phpmyadmin/themes/pmahomme/img/centralColumns.png HTTP/1.1" 200 586 "http://localhost:3307/phpmyadmin/phpmyadmin.css.php?nocache=6096862854ltr&server=1" "Mozilla/5.0 (Windows NT 10.0; Win64; x64) AppleWebKit/537.36 (KHTML, like Gecko) Chrome/72.0.3626.121 Safari/537.36"
::1 - - [16/Mar/2019:16:00:11 +0100] "GET /phpmyadmin/themes/pmahomme/img/b_triggers.png HTTP/1.1" 200 446 "http://localhost:3307/phpmyadmin/phpmyadmin.css.php?nocache=6096862854ltr&server=1" "Mozilla/5.0 (Windows NT 10.0; Win64; x64) AppleWebKit/537.36 (KHTML, like Gecko) Chrome/72.0.3626.121 Safari/537.36"
::1 - - [16/Mar/2019:16:00:11 +0100] "GET /phpmyadmin/themes/pmahomme/img/b_relations.png HTTP/1.1" 200 140 "http://localhost:3307/phpmyadmin/phpmyadmin.css.php?nocache=6096862854ltr&server=1" "Mozilla/5.0 (Windows NT 10.0; Win64; x64) AppleWebKit/537.36 (KHTML, like Gecko) Chrome/72.0.3626.121 Safari/537.36"
::1 - - [16/Mar/2019:16:00:11 +0100] "GET /phpmyadmin/themes/pmahomme/img/eye.png HTTP/1.1" 200 663 "http://localhost:3307/phpmyadmin/phpmyadmin.css.php?nocache=6096862854ltr&server=1" "Mozilla/5.0 (Windows NT 10.0; Win64; x64) AppleWebKit/537.36 (KHTML, like Gecko) Chrome/72.0.3626.121 Safari/537.36"
::1 - - [16/Mar/2019:16:00:11 +0100] "GET /phpmyadmin/themes/pmahomme/img/b_events.png HTTP/1.1" 200 703 "http://localhost:3307/phpmyadmin/phpmyadmin.css.php?nocache=6096862854ltr&server=1" "Mozilla/5.0 (Windows NT 10.0; Win64; x64) AppleWebKit/537.36 (KHTML, like Gecko) Chrome/72.0.3626.121 Safari/537.36"
::1 - - [16/Mar/2019:16:00:11 +0100] "GET /phpmyadmin/themes/pmahomme/img/b_table_add.png HTTP/1.1" 200 571 "http://localhost:3307/phpmyadmin/phpmyadmin.css.php?nocache=6096862854ltr&server=1" "Mozilla/5.0 (Windows NT 10.0; Win64; x64) AppleWebKit/537.36 (KHTML, like Gecko) Chrome/72.0.3626.121 Safari/537.36"
::1 - - [16/Mar/2019:16:00:11 +0100] "GET /phpmyadmin/js/db_structure.js?v=4.8.5 HTTP/1.1" 200 15803 "-" "Mozilla/5.0 (Windows NT 10.0; Win64; x64) AppleWebKit/537.36 (KHTML, like Gecko) Chrome/72.0.3626.121 Safari/537.36"
::1 - - [16/Mar/2019:16:00:11 +0100] "GET /phpmyadmin/js/tbl_change.js?v=4.8.5 HTTP/1.1" 200 29050 "-" "Mozilla/5.0 (Windows NT 10.0; Win64; x64) AppleWebKit/537.36 (KHTML, like Gecko) Chrome/72.0.3626.121 Safari/537.36"
::1 - - [16/Mar/2019:16:00:11 +0100] "GET /phpmyadmin/navigation.php?ajax_request=1&lang=en&aPath=cm9vdA%3D%3D.eGFiYWw%3D&vPath=cm9vdA%3D%3D.eGFiYWw%3D&pos=0&pos2_name=&pos2_value=&searchClause=&searchClause2=&_nocache=1552748411376977018&token=%5EsxI!JkU%27_s3GF%60( HTTP/1.1" 200 1407 "-" "Mozilla/5.0 (Windows NT 10.0; Win64; x64) AppleWebKit/537.36 (KHTML, like Gecko) Chrome/72.0.3626.121 Safari/537.36"
::1 - - [16/Mar/2019:16:00:11 +0100] "GET /phpmyadmin/themes/pmahomme/img/b_minus.png HTTP/1.1" 200 123 "http://localhost:3307/phpmyadmin/phpmyadmin.css.php?nocache=6096862854ltr&server=1" "Mozilla/5.0 (Windows NT 10.0; Win64; x64) AppleWebKit/537.36 (KHTML, like Gecko) Chrome/72.0.3626.121 Safari/537.36"
::1 - - [16/Mar/2019:16:00:16 +0100] "GET /phpmyadmin/themes/pmahomme/img/s_lock.png HTTP/1.1" 200 667 "http://localhost:3307/phpmyadmin/phpmyadmin.css.php?nocache=6096862854ltr&server=1" "Mozilla/5.0 (Windows NT 10.0; Win64; x64) AppleWebKit/537.36 (KHTML, like Gecko) Chrome/72.0.3626.121 Safari/537.36"
::1 - - [16/Mar/2019:16:00:18 +0100] "POST /phpmyadmin/tbl_create.php HTTP/1.1" 200 14327 "-" "Mozilla/5.0 (Windows NT 10.0; Win64; x64) AppleWebKit/537.36 (KHTML, like Gecko) Chrome/72.0.3626.121 Safari/537.36"
::1 - - [16/Mar/2019:16:00:19 +0100] "GET /phpmyadmin/themes/pmahomme/img/s_tbl.png HTTP/1.1" 200 645 "http://localhost:3307/phpmyadmin/phpmyadmin.css.php?nocache=6096862854ltr&server=1" "Mozilla/5.0 (Windows NT 10.0; Win64; x64) AppleWebKit/537.36 (KHTML, like Gecko) Chrome/72.0.3626.121 Safari/537.36"
::1 - - [16/Mar/2019:16:00:19 +0100] "GET /phpmyadmin/themes/pmahomme/img/b_insrow.png HTTP/1.1" 200 157 "http://localhost:3307/phpmyadmin/phpmyadmin.css.php?nocache=6096862854ltr&server=1" "Mozilla/5.0 (Windows NT 10.0; Win64; x64) AppleWebKit/537.36 (KHTML, like Gecko) Chrome/72.0.3626.121 Safari/537.36"
::1 - - [16/Mar/2019:16:00:19 +0100] "GET /phpmyadmin/themes/pmahomme/img/b_browse.png HTTP/1.1" 200 486 "http://localhost:3307/phpmyadmin/phpmyadmin.css.php?nocache=6096862854ltr&server=1" "Mozilla/5.0 (Windows NT 10.0; Win64; x64) AppleWebKit/537.36 (KHTML, like Gecko) Chrome/72.0.3626.121 Safari/537.36"
::1 - - [16/Mar/2019:16:00:19 +0100] "GET /phpmyadmin/themes/pmahomme/img/b_tblexport.png HTTP/1.1" 200 514 "http://localhost:3307/phpmyadmin/phpmyadmin.css.php?nocache=6096862854ltr&server=1" "Mozilla/5.0 (Windows NT 10.0; Win64; x64) AppleWebKit/537.36 (KHTML, like Gecko) Chrome/72.0.3626.121 Safari/537.36"
::1 - - [16/Mar/2019:16:00:19 +0100] "GET /phpmyadmin/themes/pmahomme/img/b_tblimport.png HTTP/1.1" 200 556 "http://localhost:3307/phpmyadmin/phpmyadmin.css.php?nocache=6096862854ltr&server=1" "Mozilla/5.0 (Windows NT 10.0; Win64; x64) AppleWebKit/537.36 (KHTML, like Gecko) Chrome/72.0.3626.121 Safari/537.36"
::1 - - [16/Mar/2019:16:00:19 +0100] "GET /phpmyadmin/js/vendor/jquery/jquery.uitablefilter.js?v=4.8.5 HTTP/1.1" 200 3479 "-" "Mozilla/5.0 (Windows NT 10.0; Win64; x64) AppleWebKit/537.36 (KHTML, like Gecko) Chrome/72.0.3626.121 Safari/537.36"
::1 - - [16/Mar/2019:16:00:19 +0100] "GET /phpmyadmin/index.php?ajax_request=1&recent_table=1&no_debug=true&_nocache=1552748419788127838&token=%5EsxI!JkU%27_s3GF%60( HTTP/1.1" 200 1414 "-" "Mozilla/5.0 (Windows NT 10.0; Win64; x64) AppleWebKit/537.36 (KHTML, like Gecko) Chrome/72.0.3626.121 Safari/537.36"
::1 - - [16/Mar/2019:16:00:27 +0100] "POST /phpmyadmin/tbl_indexes.php HTTP/1.1" 200 2741 "-" "Mozilla/5.0 (Windows NT 10.0; Win64; x64) AppleWebKit/537.36 (KHTML, like Gecko) Chrome/72.0.3626.121 Safari/537.36"
::1 - - [16/Mar/2019:16:00:28 +0100] "GET /phpmyadmin/themes/pmahomme/jquery/images/ui-icons_222222_256x240.png HTTP/1.1" 200 3765 "http://localhost:3307/phpmyadmin/themes/pmahomme/jquery/jquery-ui.css" "Mozilla/5.0 (Windows NT 10.0; Win64; x64) AppleWebKit/537.36 (KHTML, like Gecko) Chrome/72.0.3626.121 Safari/537.36"
::1 - - [16/Mar/2019:16:00:28 +0100] "GET /phpmyadmin/themes/pmahomme/img/s_sortable.png HTTP/1.1" 200 204 "http://localhost:3307/phpmyadmin/phpmyadmin.css.php?nocache=6096862854ltr&server=1" "Mozilla/5.0 (Windows NT 10.0; Win64; x64) AppleWebKit/537.36 (KHTML, like Gecko) Chrome/72.0.3626.121 Safari/537.36"
::1 - - [16/Mar/2019:16:00:28 +0100] "GET /phpmyadmin/themes/pmahomme/jquery/images/ui-bg_highlight-soft_75_cccccc_1x100.png HTTP/1.1" 200 122 "http://localhost:3307/phpmyadmin/themes/pmahomme/jquery/jquery-ui.css" "Mozilla/5.0 (Windows NT 10.0; Win64; x64) AppleWebKit/537.36 (KHTML, like Gecko) Chrome/72.0.3626.121 Safari/537.36"
::1 - - [16/Mar/2019:16:00:28 +0100] "GET /phpmyadmin/themes/pmahomme/jquery/images/ui-bg_glass_75_e6e6e6_1x400.png HTTP/1.1" 200 121 "http://localhost:3307/phpmyadmin/themes/pmahomme/jquery/jquery-ui.css" "Mozilla/5.0 (Windows NT 10.0; Win64; x64) AppleWebKit/537.36 (KHTML, like Gecko) Chrome/72.0.3626.121 Safari/537.36"
::1 - - [16/Mar/2019:16:00:28 +0100] "GET /phpmyadmin/themes/pmahomme/jquery/images/ui-icons_888888_256x240.png HTTP/1.1" 200 3765 "http://localhost:3307/phpmyadmin/themes/pmahomme/jquery/jquery-ui.css" "Mozilla/5.0 (Windows NT 10.0; Win64; x64) AppleWebKit/537.36 (KHTML, like Gecko) Chrome/72.0.3626.121 Safari/537.36"
::1 - - [16/Mar/2019:16:00:28 +0100] "GET /phpmyadmin/themes/pmahomme/jquery/images/ui-bg_glass_75_dadada_1x400.png HTTP/1.1" 200 126 "http://localhost:3307/phpmyadmin/themes/pmahomme/jquery/jquery-ui.css" "Mozilla/5.0 (Windows NT 10.0; Win64; x64) AppleWebKit/537.36 (KHTML, like Gecko) Chrome/72.0.3626.121 Safari/537.36"
::1 - - [16/Mar/2019:16:00:29 +0100] "GET /phpmyadmin/themes/pmahomme/jquery/images/ui-bg_glass_65_ffffff_1x400.png HTTP/1.1" 200 73 "http://localhost:3307/phpmyadmin/themes/pmahomme/jquery/jquery-ui.css" "Mozilla/5.0 (Windows NT 10.0; Win64; x64) AppleWebKit/537.36 (KHTML, like Gecko) Chrome/72.0.3626.121 Safari/537.36"
::1 - - [16/Mar/2019:16:00:30 +0100] "POST /phpmyadmin/tbl_structure.php HTTP/1.1" 200 95 "-" "Mozilla/5.0 (Windows NT 10.0; Win64; x64) AppleWebKit/537.36 (KHTML, like Gecko) Chrome/72.0.3626.121 Safari/537.36"
::1 - - [16/Mar/2019:16:00:31 +0100] "POST /phpmyadmin/tbl_create.php HTTP/1.1" 200 1624 "-" "Mozilla/5.0 (Windows NT 10.0; Win64; x64) AppleWebKit/537.36 (KHTML, like Gecko) Chrome/72.0.3626.121 Safari/537.36"
::1 - - [16/Mar/2019:16:00:31 +0100] "GET /phpmyadmin/db_structure.php?server=1&db=xabal&table=login&ajax_request=true&ajax_page_request=true&_nocache=1552748431635887566&token=%5EsxI!JkU%27_s3GF%60( HTTP/1.1" 200 4703 "-" "Mozilla/5.0 (Windows NT 10.0; Win64; x64) AppleWebKit/537.36 (KHTML, like Gecko) Chrome/72.0.3626.121 Safari/537.36"
::1 - - [16/Mar/2019:16:00:32 +0100] "GET /phpmyadmin/themes/pmahomme/img/s_desc.png HTTP/1.1" 200 146 "http://localhost:3307/phpmyadmin/phpmyadmin.css.php?nocache=6096862854ltr&server=1" "Mozilla/5.0 (Windows NT 10.0; Win64; x64) AppleWebKit/537.36 (KHTML, like Gecko) Chrome/72.0.3626.121 Safari/537.36"
::1 - - [16/Mar/2019:16:00:32 +0100] "GET /phpmyadmin/themes/pmahomme/img/b_no_favorite.png HTTP/1.1" 200 377 "http://localhost:3307/phpmyadmin/phpmyadmin.css.php?nocache=6096862854ltr&server=1" "Mozilla/5.0 (Windows NT 10.0; Win64; x64) AppleWebKit/537.36 (KHTML, like Gecko) Chrome/72.0.3626.121 Safari/537.36"
::1 - - [16/Mar/2019:16:00:32 +0100] "GET /phpmyadmin/themes/pmahomme/img/bd_browse.png HTTP/1.1" 200 271 "http://localhost:3307/phpmyadmin/phpmyadmin.css.php?nocache=6096862854ltr&server=1" "Mozilla/5.0 (Windows NT 10.0; Win64; x64) AppleWebKit/537.36 (KHTML, like Gecko) Chrome/72.0.3626.121 Safari/537.36"
::1 - - [16/Mar/2019:16:00:32 +0100] "GET /phpmyadmin/themes/pmahomme/img/bd_select.png HTTP/1.1" 200 325 "http://localhost:3307/phpmyadmin/phpmyadmin.css.php?nocache=6096862854ltr&server=1" "Mozilla/5.0 (Windows NT 10.0; Win64; x64) AppleWebKit/537.36 (KHTML, like Gecko) Chrome/72.0.3626.121 Safari/537.36"
::1 - - [16/Mar/2019:16:00:32 +0100] "GET /phpmyadmin/themes/pmahomme/img/bd_empty.png HTTP/1.1" 200 327 "http://localhost:3307/phpmyadmin/phpmyadmin.css.php?nocache=6096862854ltr&server=1" "Mozilla/5.0 (Windows NT 10.0; Win64; x64) AppleWebKit/537.36 (KHTML, like Gecko) Chrome/72.0.3626.121 Safari/537.36"
::1 - - [16/Mar/2019:16:00:32 +0100] "GET /phpmyadmin/themes/pmahomme/img/b_drop.png HTTP/1.1" 200 637 "http://localhost:3307/phpmyadmin/phpmyadmin.css.php?nocache=6096862854ltr&server=1" "Mozilla/5.0 (Windows NT 10.0; Win64; x64) AppleWebKit/537.36 (KHTML, like Gecko) Chrome/72.0.3626.121 Safari/537.36"
::1 - - [16/Mar/2019:16:00:32 +0100] "GET /phpmyadmin/themes/pmahomme/img/b_print.png HTTP/1.1" 200 639 "http://localhost:3307/phpmyadmin/phpmyadmin.css.php?nocache=6096862854ltr&server=1" "Mozilla/5.0 (Windows NT 10.0; Win64; x64) AppleWebKit/537.36 (KHTML, like Gecko) Chrome/72.0.3626.121 Safari/537.36"
::1 - - [16/Mar/2019:16:00:32 +0100] "GET /phpmyadmin/themes/pmahomme/img/b_tblanalyse.png HTTP/1.1" 200 152 "http://localhost:3307/phpmyadmin/phpmyadmin.css.php?nocache=6096862854ltr&server=1" "Mozilla/5.0 (Windows NT 10.0; Win64; x64) AppleWebKit/537.36 (KHTML, like Gecko) Chrome/72.0.3626.121 Safari/537.36"
::1 - - [16/Mar/2019:16:00:31 +0100] "POST /phpmyadmin/navigation.php?ajax_request=1&lang=en HTTP/1.1" 200 2380 "-" "Mozilla/5.0 (Windows NT 10.0; Win64; x64) AppleWebKit/537.36 (KHTML, like Gecko) Chrome/72.0.3626.121 Safari/537.36"
::1 - - [16/Mar/2019:16:00:31 +0100] "GET /phpmyadmin/tbl_structure.php?server=1&db=xabal&token=^sxI!JkU%27_s3GF`(&goto=db_structure.php&table=login&ajax_request=true&ajax_page_request=true&_nocache=1552748431641484972&token=%5EsxI!JkU%27_s3GF%60( HTTP/1.1" 200 6435 "-" "Mozilla/5.0 (Windows NT 10.0; Win64; x64) AppleWebKit/537.36 (KHTML, like Gecko) Chrome/72.0.3626.121 Safari/537.36"
::1 - - [16/Mar/2019:16:00:33 +0100] "GET /phpmyadmin/themes/pmahomme/img/b_primary.png HTTP/1.1" 200 536 "http://localhost:3307/phpmyadmin/phpmyadmin.css.php?nocache=6096862854ltr&server=1" "Mozilla/5.0 (Windows NT 10.0; Win64; x64) AppleWebKit/537.36 (KHTML, like Gecko) Chrome/72.0.3626.121 Safari/537.36"
::1 - - [16/Mar/2019:16:00:33 +0100] "GET /phpmyadmin/themes/pmahomme/img/b_edit.png HTTP/1.1" 200 377 "http://localhost:3307/phpmyadmin/phpmyadmin.css.php?nocache=6096862854ltr&server=1" "Mozilla/5.0 (Windows NT 10.0; Win64; x64) AppleWebKit/537.36 (KHTML, like Gecko) Chrome/72.0.3626.121 Safari/537.36"
::1 - - [16/Mar/2019:16:00:33 +0100] "GET /phpmyadmin/themes/pmahomme/img/b_unique.png HTTP/1.1" 200 583 "http://localhost:3307/phpmyadmin/phpmyadmin.css.php?nocache=6096862854ltr&server=1" "Mozilla/5.0 (Windows NT 10.0; Win64; x64) AppleWebKit/537.36 (KHTML, like Gecko) Chrome/72.0.3626.121 Safari/537.36"
::1 - - [16/Mar/2019:16:00:33 +0100] "GET /phpmyadmin/themes/pmahomme/img/b_index.png HTTP/1.1" 200 643 "http://localhost:3307/phpmyadmin/phpmyadmin.css.php?nocache=6096862854ltr&server=1" "Mozilla/5.0 (Windows NT 10.0; Win64; x64) AppleWebKit/537.36 (KHTML, like Gecko) Chrome/72.0.3626.121 Safari/537.36"
::1 - - [16/Mar/2019:16:00:33 +0100] "GET /phpmyadmin/themes/pmahomme/img/b_ftext.png HTTP/1.1" 200 550 "http://localhost:3307/phpmyadmin/phpmyadmin.css.php?nocache=6096862854ltr&server=1" "Mozilla/5.0 (Windows NT 10.0; Win64; x64) AppleWebKit/537.36 (KHTML, like Gecko) Chrome/72.0.3626.121 Safari/537.36"
::1 - - [16/Mar/2019:16:00:33 +0100] "GET /phpmyadmin/themes/pmahomme/img/centralColumns_add.png HTTP/1.1" 200 676 "http://localhost:3307/phpmyadmin/phpmyadmin.css.php?nocache=6096862854ltr&server=1" "Mozilla/5.0 (Windows NT 10.0; Win64; x64) AppleWebKit/537.36 (KHTML, like Gecko) Chrome/72.0.3626.121 Safari/537.36"
::1 - - [16/Mar/2019:16:00:33 +0100] "GET /phpmyadmin/themes/pmahomme/img/centralColumns_delete.png HTTP/1.1" 200 683 "http://localhost:3307/phpmyadmin/phpmyadmin.css.php?nocache=6096862854ltr&server=1" "Mozilla/5.0 (Windows NT 10.0; Win64; x64) AppleWebKit/537.36 (KHTML, like Gecko) Chrome/72.0.3626.121 Safari/537.36"
::1 - - [16/Mar/2019:16:00:33 +0100] "GET /phpmyadmin/themes/pmahomme/img/b_move.png HTTP/1.1" 200 381 "http://localhost:3307/phpmyadmin/phpmyadmin.css.php?nocache=6096862854ltr&server=1" "Mozilla/5.0 (Windows NT 10.0; Win64; x64) AppleWebKit/537.36 (KHTML, like Gecko) Chrome/72.0.3626.121 Safari/537.36"
::1 - - [16/Mar/2019:16:00:33 +0100] "GET /phpmyadmin/themes/pmahomme/img/normalize.png HTTP/1.1" 200 505 "http://localhost:3307/phpmyadmin/phpmyadmin.css.php?nocache=6096862854ltr&server=1" "Mozilla/5.0 (Windows NT 10.0; Win64; x64) AppleWebKit/537.36 (KHTML, like Gecko) Chrome/72.0.3626.121 Safari/537.36"
::1 - - [16/Mar/2019:16:00:33 +0100] "GET /phpmyadmin/js/tbl_structure.js?v=4.8.5 HTTP/1.1" 200 19834 "-" "Mozilla/5.0 (Windows NT 10.0; Win64; x64) AppleWebKit/537.36 (KHTML, like Gecko) Chrome/72.0.3626.121 Safari/537.36"
::1 - - [16/Mar/2019:16:00:32 +0100] "GET /phpmyadmin/index.php?ajax_request=1&recent_table=1&no_debug=true&_nocache=1552748432316804863&token=%5EsxI!JkU%27_s3GF%60( HTTP/1.1" 200 1440 "-" "Mozilla/5.0 (Windows NT 10.0; Win64; x64) AppleWebKit/537.36 (KHTML, like Gecko) Chrome/72.0.3626.121 Safari/537.36"
::1 - - [16/Mar/2019:16:00:33 +0100] "GET /phpmyadmin/index.php?ajax_request=1&recent_table=1&no_debug=true&_nocache=1552748433584841330&token=%5EsxI!JkU%27_s3GF%60( HTTP/1.1" 200 1440 "-" "Mozilla/5.0 (Windows NT 10.0; Win64; x64) AppleWebKit/537.36 (KHTML, like Gecko) Chrome/72.0.3626.121 Safari/537.36"
::1 - - [16/Mar/2019:16:00:37 +0100] "GET /phpmyadmin/tbl_structure.php?db=xabal&table=login&ajax_request=true&ajax_page_request=true&_nocache=1552748437352903420&token=%5EsxI!JkU%27_s3GF%60( HTTP/1.1" 200 6427 "-" "Mozilla/5.0 (Windows NT 10.0; Win64; x64) AppleWebKit/537.36 (KHTML, like Gecko) Chrome/72.0.3626.121 Safari/537.36"
::1 - - [16/Mar/2019:16:00:37 +0100] "GET /phpmyadmin/index.php?ajax_request=1&recent_table=1&no_debug=true&_nocache=1552748437803135017&token=%5EsxI!JkU%27_s3GF%60( HTTP/1.1" 200 1440 "-" "Mozilla/5.0 (Windows NT 10.0; Win64; x64) AppleWebKit/537.36 (KHTML, like Gecko) Chrome/72.0.3626.121 Safari/537.36"
::1 - - [16/Mar/2019:16:00:38 +0100] "POST /phpmyadmin/tbl_addfield.php HTTP/1.1" 200 10427 "-" "Mozilla/5.0 (Windows NT 10.0; Win64; x64) AppleWebKit/537.36 (KHTML, like Gecko) Chrome/72.0.3626.121 Safari/537.36"
::1 - - [16/Mar/2019:16:00:39 +0100] "GET /phpmyadmin/index.php?ajax_request=1&recent_table=1&no_debug=true&_nocache=1552748439018914930&token=%5EsxI!JkU%27_s3GF%60( HTTP/1.1" 200 1440 "-" "Mozilla/5.0 (Windows NT 10.0; Win64; x64) AppleWebKit/537.36 (KHTML, like Gecko) Chrome/72.0.3626.121 Safari/537.36"
::1 - - [16/Mar/2019:16:00:49 +0100] "POST /phpmyadmin/tbl_structure.php HTTP/1.1" 200 95 "-" "Mozilla/5.0 (Windows NT 10.0; Win64; x64) AppleWebKit/537.36 (KHTML, like Gecko) Chrome/72.0.3626.121 Safari/537.36"
::1 - - [16/Mar/2019:16:00:49 +0100] "POST /phpmyadmin/tbl_addfield.php HTTP/1.1" 200 1906 "-" "Mozilla/5.0 (Windows NT 10.0; Win64; x64) AppleWebKit/537.36 (KHTML, like Gecko) Chrome/72.0.3626.121 Safari/537.36"
::1 - - [16/Mar/2019:16:00:50 +0100] "POST /phpmyadmin/ HTTP/1.1" 200 6981 "-" "Mozilla/5.0 (Windows NT 10.0; Win64; x64) AppleWebKit/537.36 (KHTML, like Gecko) Chrome/72.0.3626.121 Safari/537.36"
::1 - - [16/Mar/2019:16:00:50 +0100] "POST /phpmyadmin/navigation.php?ajax_request=1&lang=en HTTP/1.1" 200 2380 "-" "Mozilla/5.0 (Windows NT 10.0; Win64; x64) AppleWebKit/537.36 (KHTML, like Gecko) Chrome/72.0.3626.121 Safari/537.36"
::1 - - [16/Mar/2019:16:00:51 +0100] "GET /phpmyadmin/tbl_structure.php?db=xabal&table=login&ajax_request=true&ajax_page_request=true&_nocache=1552748451751235407&token=%5EsxI!JkU%27_s3GF%60( HTTP/1.1" 200 6992 "-" "Mozilla/5.0 (Windows NT 10.0; Win64; x64) AppleWebKit/537.36 (KHTML, like Gecko) Chrome/72.0.3626.121 Safari/537.36"
::1 - - [16/Mar/2019:16:00:52 +0100] "GET /phpmyadmin/index.php?ajax_request=1&recent_table=1&no_debug=true&_nocache=1552748452160220449&token=%5EsxI!JkU%27_s3GF%60( HTTP/1.1" 200 1440 "-" "Mozilla/5.0 (Windows NT 10.0; Win64; x64) AppleWebKit/537.36 (KHTML, like Gecko) Chrome/72.0.3626.121 Safari/537.36"
::1 - - [16/Mar/2019:16:00:54 +0100] "POST /phpmyadmin/tbl_addfield.php HTTP/1.1" 200 10431 "-" "Mozilla/5.0 (Windows NT 10.0; Win64; x64) AppleWebKit/537.36 (KHTML, like Gecko) Chrome/72.0.3626.121 Safari/537.36"
::1 - - [16/Mar/2019:16:00:54 +0100] "GET /phpmyadmin/index.php?ajax_request=1&recent_table=1&no_debug=true&_nocache=155274845487410834&token=%5EsxI!JkU%27_s3GF%60( HTTP/1.1" 200 1440 "-" "Mozilla/5.0 (Windows NT 10.0; Win64; x64) AppleWebKit/537.36 (KHTML, like Gecko) Chrome/72.0.3626.121 Safari/537.36"
::1 - - [16/Mar/2019:16:01:04 +0100] "POST /phpmyadmin/tbl_structure.php HTTP/1.1" 200 95 "-" "Mozilla/5.0 (Windows NT 10.0; Win64; x64) AppleWebKit/537.36 (KHTML, like Gecko) Chrome/72.0.3626.121 Safari/537.36"
::1 - - [16/Mar/2019:16:01:04 +0100] "POST /phpmyadmin/tbl_addfield.php HTTP/1.1" 200 1906 "-" "Mozilla/5.0 (Windows NT 10.0; Win64; x64) AppleWebKit/537.36 (KHTML, like Gecko) Chrome/72.0.3626.121 Safari/537.36"
::1 - - [16/Mar/2019:16:01:05 +0100] "POST /phpmyadmin/ HTTP/1.1" 200 6981 "-" "Mozilla/5.0 (Windows NT 10.0; Win64; x64) AppleWebKit/537.36 (KHTML, like Gecko) Chrome/72.0.3626.121 Safari/537.36"
::1 - - [16/Mar/2019:16:01:05 +0100] "POST /phpmyadmin/navigation.php?ajax_request=1&lang=en HTTP/1.1" 200 2380 "-" "Mozilla/5.0 (Windows NT 10.0; Win64; x64) AppleWebKit/537.36 (KHTML, like Gecko) Chrome/72.0.3626.121 Safari/537.36"
::1 - - [16/Mar/2019:16:01:06 +0100] "GET /phpmyadmin/themes/pmahomme/img/hide.png HTTP/1.1" 200 284 "http://localhost:3307/phpmyadmin/phpmyadmin.css.php?nocache=6096862854ltr&server=1" "Mozilla/5.0 (Windows NT 10.0; Win64; x64) AppleWebKit/537.36 (KHTML, like Gecko) Chrome/72.0.3626.121 Safari/537.36"
::1 - - [16/Mar/2019:16:01:07 +0100] "GET /phpmyadmin/sql.php?server=1&db=xabal&table=login&pos=0&ajax_request=true&ajax_page_request=true&_nocache=1552748467455696012&token=%5EsxI!JkU%27_s3GF%60( HTTP/1.1" 200 4814 "-" "Mozilla/5.0 (Windows NT 10.0; Win64; x64) AppleWebKit/537.36 (KHTML, like Gecko) Chrome/72.0.3626.121 Safari/537.36"
::1 - - [16/Mar/2019:16:01:07 +0100] "GET /phpmyadmin/themes/pmahomme/img/b_view_add.png HTTP/1.1" 200 678 "http://localhost:3307/phpmyadmin/phpmyadmin.css.php?nocache=6096862854ltr&server=1" "Mozilla/5.0 (Windows NT 10.0; Win64; x64) AppleWebKit/537.36 (KHTML, like Gecko) Chrome/72.0.3626.121 Safari/537.36"
::1 - - [16/Mar/2019:16:01:07 +0100] "GET /phpmyadmin/themes/pmahomme/img/b_bookmark.png HTTP/1.1" 200 637 "http://localhost:3307/phpmyadmin/phpmyadmin.css.php?nocache=6096862854ltr&server=1" "Mozilla/5.0 (Windows NT 10.0; Win64; x64) AppleWebKit/537.36 (KHTML, like Gecko) Chrome/72.0.3626.121 Safari/537.36"
::1 - - [16/Mar/2019:16:01:07 +0100] "GET /phpmyadmin/js/gis_data_editor.js?v=4.8.5 HTTP/1.1" 200 14721 "-" "Mozilla/5.0 (Windows NT 10.0; Win64; x64) AppleWebKit/537.36 (KHTML, like Gecko) Chrome/72.0.3626.121 Safari/537.36"
::1 - - [16/Mar/2019:16:01:07 +0100] "GET /phpmyadmin/js/multi_column_sort.js?v=4.8.5 HTTP/1.1" 200 3284 "-" "Mozilla/5.0 (Windows NT 10.0; Win64; x64) AppleWebKit/537.36 (KHTML, like Gecko) Chrome/72.0.3626.121 Safari/537.36"
::1 - - [16/Mar/2019:16:01:07 +0100] "GET /phpmyadmin/index.php?ajax_request=1&recent_table=1&no_debug=true&_nocache=1552748467956376354&token=%5EsxI!JkU%27_s3GF%60( HTTP/1.1" 200 1442 "-" "Mozilla/5.0 (Windows NT 10.0; Win64; x64) AppleWebKit/537.36 (KHTML, like Gecko) Chrome/72.0.3626.121 Safari/537.36"
::1 - - [16/Mar/2019:16:01:12 +0100] "GET /phpmyadmin/tbl_change.php?db=xabal&table=login&ajax_request=true&ajax_page_request=true&_nocache=1552748472288592472&token=%5EsxI!JkU%27_s3GF%60( HTTP/1.1" 200 6025 "-" "Mozilla/5.0 (Windows NT 10.0; Win64; x64) AppleWebKit/537.36 (KHTML, like Gecko) Chrome/72.0.3626.121 Safari/537.36"
::1 - - [16/Mar/2019:16:01:12 +0100] "GET /phpmyadmin/js/sql.js?v=4.8.5 HTTP/1.1" 200 38428 "-" "Mozilla/5.0 (Windows NT 10.0; Win64; x64) AppleWebKit/537.36 (KHTML, like Gecko) Chrome/72.0.3626.121 Safari/537.36"
::1 - - [16/Mar/2019:16:01:12 +0100] "GET /phpmyadmin/js/vendor/jquery/additional-methods.js?v=4.8.5 HTTP/1.1" 200 42095 "-" "Mozilla/5.0 (Windows NT 10.0; Win64; x64) AppleWebKit/537.36 (KHTML, like Gecko) Chrome/72.0.3626.121 Safari/537.36"
::1 - - [16/Mar/2019:16:01:12 +0100] "GET /phpmyadmin/index.php?ajax_request=1&recent_table=1&no_debug=true&_nocache=1552748472705767735&token=%5EsxI!JkU%27_s3GF%60( HTTP/1.1" 200 1442 "-" "Mozilla/5.0 (Windows NT 10.0; Win64; x64) AppleWebKit/537.36 (KHTML, like Gecko) Chrome/72.0.3626.121 Safari/537.36"
::1 - - [16/Mar/2019:16:01:22 +0100] "POST /phpmyadmin/tbl_replace.php HTTP/1.1" 200 5011 "-" "Mozilla/5.0 (Windows NT 10.0; Win64; x64) AppleWebKit/537.36 (KHTML, like Gecko) Chrome/72.0.3626.121 Safari/537.36"
::1 - - [16/Mar/2019:16:01:22 +0100] "GET /phpmyadmin/js/makegrid.js?v=4.8.5 HTTP/1.1" 200 97665 "-" "Mozilla/5.0 (Windows NT 10.0; Win64; x64) AppleWebKit/537.36 (KHTML, like Gecko) Chrome/72.0.3626.121 Safari/537.36"
::1 - - [16/Mar/2019:16:01:22 +0100] "GET /phpmyadmin/index.php?ajax_request=1&recent_table=1&no_debug=true&_nocache=1552748482701227032&token=%5EsxI!JkU%27_s3GF%60( HTTP/1.1" 200 1442 "-" "Mozilla/5.0 (Windows NT 10.0; Win64; x64) AppleWebKit/537.36 (KHTML, like Gecko) Chrome/72.0.3626.121 Safari/537.36"
::1 - - [16/Mar/2019:16:01:22 +0100] "POST /phpmyadmin/lint.php HTTP/1.1" 200 28 "-" "Mozilla/5.0 (Windows NT 10.0; Win64; x64) AppleWebKit/537.36 (KHTML, like Gecko) Chrome/72.0.3626.121 Safari/537.36"
::1 - - [16/Mar/2019:16:01:28 +0100] "GET /phpmyadmin/sql.php?db=xabal&table=login&pos=0&ajax_request=true&ajax_page_request=true&_nocache=1552748488415535146&token=%5EsxI!JkU%27_s3GF%60( HTTP/1.1" 200 6747 "-" "Mozilla/5.0 (Windows NT 10.0; Win64; x64) AppleWebKit/537.36 (KHTML, like Gecko) Chrome/72.0.3626.121 Safari/537.36"
::1 - - [16/Mar/2019:16:01:28 +0100] "GET /phpmyadmin/themes/pmahomme/img/b_chart.png HTTP/1.1" 200 449 "http://localhost:3307/phpmyadmin/phpmyadmin.css.php?nocache=6096862854ltr&server=1" "Mozilla/5.0 (Windows NT 10.0; Win64; x64) AppleWebKit/537.36 (KHTML, like Gecko) Chrome/72.0.3626.121 Safari/537.36"
::1 - - [16/Mar/2019:16:01:29 +0100] "GET /phpmyadmin/themes/pmahomme/img/col_pointer.png HTTP/1.1" 200 102 "http://localhost:3307/phpmyadmin/phpmyadmin.css.php?nocache=6096862854ltr&server=1" "Mozilla/5.0 (Windows NT 10.0; Win64; x64) AppleWebKit/537.36 (KHTML, like Gecko) Chrome/72.0.3626.121 Safari/537.36"
::1 - - [16/Mar/2019:16:01:29 +0100] "GET /phpmyadmin/themes/pmahomme/img/col_drop.png HTTP/1.1" 200 111 "http://localhost:3307/phpmyadmin/phpmyadmin.css.php?nocache=6096862854ltr&server=1" "Mozilla/5.0 (Windows NT 10.0; Win64; x64) AppleWebKit/537.36 (KHTML, like Gecko) Chrome/72.0.3626.121 Safari/537.36"
::1 - - [16/Mar/2019:16:01:29 +0100] "GET /phpmyadmin/themes/pmahomme/img/s_fulltext.png HTTP/1.1" 200 176 "-" "Mozilla/5.0 (Windows NT 10.0; Win64; x64) AppleWebKit/537.36 (KHTML, like Gecko) Chrome/72.0.3626.121 Safari/537.36"
::1 - - [16/Mar/2019:16:01:28 +0100] "GET /phpmyadmin/index.php?ajax_request=1&recent_table=1&no_debug=true&_nocache=1552748488987762232&token=%5EsxI!JkU%27_s3GF%60( HTTP/1.1" 200 1442 "-" "Mozilla/5.0 (Windows NT 10.0; Win64; x64) AppleWebKit/537.36 (KHTML, like Gecko) Chrome/72.0.3626.121 Safari/537.36"
